<?xml version="1.0" encoding="UTF-8"?>
<!-- Generated by org.testng.reporters.JUnitXMLReporter -->
<testsuite hostname="SANDEEP" name="Test" tests="1" failures="1" timestamp="19 Jan 2017 21:55:15 GMT" time="8.592" errors="0">
  <testcase name="HomePage" time="3.729" classname="Functional_TestCase_HomePage.HomePage_Test">
    <failure type="java.lang.NoClassDefFoundError" message="org/w3c/dom/ElementTraversal">
      <![CDATA[java.lang.NoClassDefFoundError: org/w3c/dom/ElementTraversal
	at java.lang.ClassLoader.defineClass1(Native Method)
	at java.lang.ClassLoader.defineClass(Unknown Source)
	at java.security.SecureClassLoader.defineClass(Unknown Source)
	at java.net.URLClassLoader.defineClass(Unknown Source)
	at java.net.URLClassLoader.access$100(Unknown Source)
	at java.net.URLClassLoader$1.run(Unknown Source)
	at java.net.URLClassLoader$1.run(Unknown Source)
	at java.security.AccessController.doPrivileged(Native Method)
	at java.net.URLClassLoader.findClass(Unknown Source)
	at java.lang.ClassLoader.loadClass(Unknown Source)
	at sun.misc.Launcher$AppClassLoader.loadClass(Unknown Source)
	at java.lang.ClassLoader.loadClass(Unknown Source)
	at org.apache.xerces.parsers.AbstractDOMParser.startDocument(Unknown Source)
	at org.apache.xerces.impl.dtd.XMLDTDValidator.startDocument(Unknown Source)
	at org.apache.xerces.impl.XMLDocumentScannerImpl.startEntity(Unknown Source)
	at org.apache.xerces.impl.XMLVersionDetector.startDocumentParsing(Unknown Source)
	at org.apache.xerces.parsers.XML11Configuration.parse(Unknown Source)
	at org.apache.xerces.parsers.XML11Configuration.parse(Unknown Source)
	at org.apache.xerces.parsers.XMLParser.parse(Unknown Source)
	at org.apache.xerces.parsers.DOMParser.parse(Unknown Source)
	at org.apache.xerces.jaxp.DocumentBuilderImpl.parse(Unknown Source)
	at javax.xml.parsers.DocumentBuilder.parse(Unknown Source)
	at org.apache.poi.util.DocumentHelper.readDocument(DocumentHelper.java:137)
	at org.apache.poi.openxml4j.opc.internal.ContentTypeManager.parseContentTypesFile(ContentTypeManager.java:374)
	at org.apache.poi.openxml4j.opc.internal.ContentTypeManager.<init>(ContentTypeManager.java:100)
	at org.apache.poi.openxml4j.opc.internal.ZipContentTypeManager.<init>(ZipContentTypeManager.java:54)
	at org.apache.poi.openxml4j.opc.ZipPackage.getPartsImpl(ZipPackage.java:257)
	at org.apache.poi.openxml4j.opc.OPCPackage.getParts(OPCPackage.java:766)
	at org.apache.poi.openxml4j.opc.OPCPackage.open(OPCPackage.java:331)
	at org.apache.poi.ss.usermodel.WorkbookFactory.create(WorkbookFactory.java:181)
	at org.apache.poi.ss.usermodel.WorkbookFactory.create(WorkbookFactory.java:140)
	at GenericLibrary.KeywordDrivenCommonFunctions.updateTestCaseStatus(KeywordDrivenCommonFunctions.java:27)
	at Functional_TestCase_HomePage.HomePage_Test.HomePage(HomePage_Test.java:27)
Caused by: java.lang.ClassNotFoundException: org.w3c.dom.ElementTraversal
	at java.net.URLClassLoader.findClass(Unknown Source)
	at java.lang.ClassLoader.loadClass(Unknown Source)
	at sun.misc.Launcher$AppClassLoader.loadClass(Unknown Source)
	at java.lang.ClassLoader.loadClass(Unknown Source)
	... 57 more
... Removed 24 stack frames]]>
    </failure>
  </testcase> <!-- HomePage -->
</testsuite> <!-- Test -->
