<?xml version="1.0" encoding="UTF-8"?>
<testng-results skipped="0" failed="0" total="1" passed="1">
  <reporter-output>
  </reporter-output>
  <suite name="Default suite" duration-ms="10086" started-at="2017-01-18T20:44:23Z" finished-at="2017-01-18T20:44:33Z">
    <groups>
    </groups>
    <test name="Default test" duration-ms="10086" started-at="2017-01-18T20:44:23Z" finished-at="2017-01-18T20:44:33Z">
      <class name="Functional_TestCase_HomePage.msupply_HomePage_Test_1">
        <test-method status="PASS" signature="beforeTestCofig(org.testng.ITestContext)[pri:0, instance:Functional_TestCase_HomePage.msupply_HomePage_Test_1@39ba5a14]" name="beforeTestCofig" is-config="true" duration-ms="8465" started-at="2017-01-19T02:14:23Z" finished-at="2017-01-19T02:14:32Z">
          <params>
            <param index="0">
              <value>
                <![CDATA[org.testng.TestRunner@7f36662c]]>
              </value>
            </param>
          </params>
          <reporter-output>
          </reporter-output>
        </test-method> <!-- beforeTestCofig -->
        <test-method status="PASS" signature="msupply_HomePage()[pri:0, instance:Functional_TestCase_HomePage.msupply_HomePage_Test_1@39ba5a14]" name="msupply_HomePage" duration-ms="1598" started-at="2017-01-19T02:14:32Z" finished-at="2017-01-19T02:14:33Z">
          <reporter-output>
          </reporter-output>
        </test-method> <!-- msupply_HomePage -->
        <test-method status="PASS" signature="tearDown()[pri:0, instance:Functional_TestCase_HomePage.msupply_HomePage_Test_1@39ba5a14]" name="tearDown" is-config="true" duration-ms="0" started-at="2017-01-19T02:14:33Z" finished-at="2017-01-19T02:14:33Z">
          <reporter-output>
          </reporter-output>
        </test-method> <!-- tearDown -->
      </class> <!-- Functional_TestCase_HomePage.msupply_HomePage_Test_1 -->
    </test> <!-- Default test -->
  </suite> <!-- Default suite -->
</testng-results>
