<?xml version="1.0" encoding="UTF-8"?>
<testng-results skipped="0" failed="0" total="1" passed="1">
  <reporter-output>
  </reporter-output>
  <suite name="Default suite" duration-ms="316906" started-at="2017-01-20T18:12:43Z" finished-at="2017-01-20T18:18:00Z">
    <groups>
    </groups>
    <test name="Default test" duration-ms="316906" started-at="2017-01-20T18:12:43Z" finished-at="2017-01-20T18:18:00Z">
      <class name="Functional_TestCase_HomePage.HomePage_Test">
        <test-method status="PASS" signature="HomePage()[pri:0, instance:Functional_TestCase_HomePage.HomePage_Test@1d251891]" name="HomePage" duration-ms="316890" started-at="2017-01-20T23:42:43Z" finished-at="2017-01-20T23:48:00Z">
          <reporter-output>
          </reporter-output>
        </test-method> <!-- HomePage -->
      </class> <!-- Functional_TestCase_HomePage.HomePage_Test -->
    </test> <!-- Default test -->
  </suite> <!-- Default suite -->
</testng-results>
